============================= test session starts ==============================
platform darwin -- Python 3.13.5, pytest-9.1.1, pluggy-1.6.0 -- /Users/jensschutt/Documents/projects/metal/numba-metal/.venv/bin/python3
cachedir: .pytest_cache
rootdir: /Users/jensschutt/Documents/projects/metal/numba-metal
configfile: pyproject.toml
collecting ... collected 61 items

tests/integration/test_benchmark_correctness.py::test_vector_polynomial_small PASSED [  1%]
tests/integration/test_benchmark_correctness.py::test_mandelbrot_small PASSED [  3%]
tests/integration/test_benchmark_correctness.py::test_heat_diffusion_small PASSED [  4%]
tests/integration/test_benchmark_correctness.py::test_monte_carlo_paths_small PASSED [  6%]
tests/integration/test_benchmark_correctness.py::test_pairwise_distance_small PASSED [  8%]
tests/integration/test_end_to_end.py::test_vector_add_matches_numpy PASSED [  9%]
tests/integration/test_end_to_end.py::test_scalar_arithmetic_and_comparison PASSED [ 11%]
tests/integration/test_end_to_end.py::test_boolean_operators PASSED      [ 13%]
tests/integration/test_end_to_end.py::test_for_loop_with_runtime_bound PASSED [ 14%]
tests/integration/test_end_to_end.py::test_math_functions_match_numpy PASSED [ 16%]
tests/integration/test_end_to_end.py::test_multiple_signatures_same_dispatcher PASSED [ 18%]
tests/integration/test_end_to_end.py::test_device_array_lifetime_across_multiple_kernels PASSED [ 19%]
tests/integration/test_end_to_end.py::test_synchronize_is_idempotent PASSED [ 21%]
tests/integration/test_end_to_end.py::test_repeated_launches_are_correct PASSED [ 22%]
tests/integration/test_end_to_end.py::test_compilation_cache_reuses_pipeline PASSED [ 24%]
tests/integration/test_end_to_end.py::test_invalid_launch_config_rejected PASSED [ 26%]
tests/integration/test_end_to_end.py::test_host_array_rejected_without_explicit_transfer PASSED [ 27%]
tests/integration/test_end_to_end.py::test_grid_2d_matches_reference PASSED [ 29%]
tests/integration/test_end_to_end.py::test_metal_compilation_error_reports_msl_and_diagnostic PASSED [ 31%]
tests/test_unsupported.py::test_string_literal_rejected PASSED           [ 32%]
tests/test_unsupported.py::test_dict_literal_rejected PASSED             [ 34%]
tests/test_unsupported.py::test_list_literal_rejected PASSED             [ 36%]
tests/test_unsupported.py::test_float64_array_argument_rejected PASSED   [ 37%]
tests/test_unsupported.py::test_two_dimensional_array_argument_rejected PASSED [ 39%]
tests/test_unsupported.py::test_unsupported_math_function_rejected PASSED [ 40%]
tests/test_unsupported.py::test_print_statement_rejected PASSED          [ 42%]
tests/test_unsupported.py::test_shape_attribute_rejected_in_favor_of_size PASSED [ 44%]
tests/test_unsupported.py::test_local_array_allocation_rejected PASSED   [ 45%]
tests/test_unsupported.py::test_grid_with_non_literal_ndim_rejected PASSED [ 47%]
tests/test_unsupported.py::test_grid_with_unsupported_ndim_rejected PASSED [ 49%]
tests/unit/test_dispatcher_launch_config.py::test_1d_launch_config_parses PASSED [ 50%]
tests/unit/test_dispatcher_launch_config.py::test_2d_launch_config_parses PASSED [ 52%]
tests/unit/test_dispatcher_launch_config.py::test_rejects_non_tuple_launch_config PASSED [ 54%]
tests/unit/test_dispatcher_launch_config.py::test_rejects_wrong_length_tuple PASSED [ 55%]
tests/unit/test_dispatcher_launch_config.py::test_rejects_float_dims PASSED [ 57%]
tests/unit/test_dispatcher_launch_config.py::test_rejects_bool_dims PASSED [ 59%]
tests/unit/test_dispatcher_launch_config.py::test_rejects_mixed_1d_2d PASSED [ 60%]
tests/unit/test_frontend.py::test_compiles_simple_function_to_typed_ir PASSED [ 62%]
tests/unit/test_frontend.py::test_typing_failure_raises_kernel_compilation_error PASSED [ 63%]
tests/unit/test_frontend.py::test_typemap_reflects_arithmetic_result_type PASSED [ 65%]
tests/unit/test_msl_backend.py::test_vector_add_generates_kernel_void_and_buffer_bindings PASSED [ 67%]
tests/unit/test_msl_backend.py::test_if_else_emits_structured_braces PASSED [ 68%]
tests/unit/test_msl_backend.py::test_for_range_loop_emits_native_for PASSED [ 70%]
tests/unit/test_msl_backend.py::test_break_and_continue_supported_in_loop PASSED [ 72%]
tests/unit/test_msl_backend.py::test_math_functions_map_to_msl_names PASSED [ 73%]
tests/unit/test_msl_backend.py::test_abs_min_max_supported PASSED        [ 75%]
tests/unit/test_msl_backend.py::test_grid_2d_generates_long2_and_xy_unpack PASSED [ 77%]
tests/unit/test_msl_backend.py::test_unsupported_string_literal_raises_with_variable_name PASSED [ 78%]
tests/unit/test_msl_backend.py::test_unsupported_float64_array_arg_raises PASSED [ 80%]
tests/unit/test_msl_backend.py::test_unsupported_2d_array_arg_raises PASSED [ 81%]
tests/unit/test_msl_backend.py::test_generated_kernel_name_is_deterministic_per_call PASSED [ 83%]
tests/unit/test_types.py::test_numpy_dtype_to_msl_supported[float32-float] PASSED [ 85%]
tests/unit/test_types.py::test_numpy_dtype_to_msl_supported[int32-int] PASSED [ 86%]
tests/unit/test_types.py::test_numpy_dtype_to_msl_supported[uint32-uint] PASSED [ 88%]
tests/unit/test_types.py::test_numpy_dtype_to_msl_supported[bool-bool] PASSED [ 90%]
tests/unit/test_types.py::test_numpy_dtype_to_msl_supported[float16-half] PASSED [ 91%]
tests/unit/test_types.py::test_numpy_dtype_to_msl_supported[int64-long] PASSED [ 93%]
tests/unit/test_types.py::test_numpy_dtype_to_msl_rejects_float64 PASSED [ 95%]
tests/unit/test_types.py::test_numpy_dtype_to_msl_rejects_object_dtype PASSED [ 96%]
tests/unit/test_types.py::test_numba_scalar_to_msl_rejects_float64 PASSED [ 98%]
tests/unit/test_types.py::test_numba_scalar_to_msl_accepts_float32 PASSED [100%]

============================== 61 passed in 1.05s ==============================
